<?xml version="1.0" encoding="UTF-8"?>
<!-- Generated by org.testng.reporters.JUnitReportReporter -->
<testsuite hostname="DIN19001283" failures="0" tests="2" name="com.flipkart.test.HomeTest" time="16.310" errors="0" timestamp="2021-06-30T14:26:51 IST" skipped="0">
  <testcase classname="com.flipkart.test.HomeTest" name="verifyElements" time="0.156"/>
  <system-out/>
  <testcase classname="com.flipkart.test.HomeTest" name="searchPhone" time="16.154"/>
  <system-out/>
</testsuite> <!-- com.flipkart.test.HomeTest -->
